<?xml version="1.0" encoding="UTF-8"?>
<!-- Generated by org.testng.reporters.JUnitReportReporter -->
<testsuite hostname="Narendras-MBP" failures="0" tests="3" name="Scripts.WalletTest" time="71.659" errors="0" timestamp="22 Jun 2022 07:55:31 GMT" skipped="0">
  <testcase classname="Scripts.WalletTest" name="Loginwithwallet" time="14.627"/>
  <testcase classname="Scripts.WalletTest" name="Hover_stars" time="31.605"/>
  <testcase classname="Scripts.WalletTest" name="Submitting" time="25.427"/>
</testsuite> <!-- Scripts.WalletTest -->
