<?xml version="1.0" encoding="UTF-8"?>
<!-- Generated by org.testng.reporters.JUnitReportReporter -->
<testsuite hostname="Narendras-MBP" failures="0" tests="1" name="Scripts.Signuptest" time="10.844" errors="0" timestamp="15 Jun 2022 05:15:56 GMT" skipped="0">
  <testcase classname="Scripts.Signuptest" name="Loginwith_FB" time="10.844"/>
</testsuite> <!-- Scripts.Signuptest -->
